0 verbose cli /usr/bin/node /usr/bin/npm
1 info using npm@9.2.0
2 info using node@v22.22.1
3 timing npm:load:whichnode Completed in 0ms
4 timing config:load:defaults Completed in 1ms
5 timing config:load:file:/usr/share/nodejs/npm/npmrc Completed in 11ms
6 timing config:load:builtin Completed in 11ms
7 timing config:load:cli Completed in 2ms
8 timing config:load:env Completed in 1ms
9 timing config:load:file:/home/ubuntu/Newproject/frontend/.npmrc Completed in 0ms
10 timing config:load:project Completed in 1ms
11 timing config:load:file:/home/ubuntu/.npmrc Completed in 0ms
12 timing config:load:user Completed in 0ms
13 timing config:load:file:/etc/npmrc Completed in 0ms
14 timing config:load:global Completed in 0ms
15 timing config:load:setEnvs Completed in 1ms
16 timing config:load Completed in 19ms
17 timing npm:load:configload Completed in 19ms
18 timing npm:load:mkdirpcache Completed in 0ms
19 timing npm:load:mkdirplogs Completed in 0ms
20 verbose title npm install @testing-library/dom@^10.4.0 @testing-library/jest-dom@^6.6.3 @testing-library/react@^16.1.0 @testing-library/user-event@^13.2.1 web-vitals@^2.1.0
21 verbose argv "install" "--no-audit" "--save" "@testing-library/dom@^10.4.0" "@testing-library/jest-dom@^6.6.3" "@testing-library/react@^16.1.0" "@testing-library/user-event@^13.2.1" "web-vitals@^2.1.0"
22 timing npm:load:setTitle Completed in 1ms
23 timing config:load:flatten Completed in 2ms
24 timing npm:load:display Completed in 2ms
25 verbose logfile logs-max:10 dir:/home/ubuntu/.npm/_logs/2026-06-19T10_10_05_321Z-
26 verbose logfile /home/ubuntu/.npm/_logs/2026-06-19T10_10_05_321Z-debug-0.log
27 timing npm:load:logFile Completed in 6ms
28 timing npm:load:timers Completed in 0ms
29 timing npm:load:configScope Completed in 0ms
30 timing npm:load Completed in 28ms
31 timing config:load:flatten Completed in 0ms
32 timing arborist:ctor Completed in 1ms
33 silly logfile done cleaning log files
34 timing idealTree:init Completed in 727ms
35 timing idealTree:userRequests Completed in 5ms
36 silly idealTree buildDeps
37 silly fetch manifest @testing-library/dom@^10.4.0
38 timing arborist:ctor Completed in 0ms
39 http fetch GET 200 https://registry.npmjs.org/@testing-library%2fdom 692ms (cache miss)
40 silly fetch manifest @testing-library/jest-dom@^6.6.3
41 http fetch GET 200 https://registry.npmjs.org/@testing-library%2fjest-dom 32ms (cache miss)
42 silly fetch manifest @testing-library/react@^16.1.0
43 http fetch GET 200 https://registry.npmjs.org/@testing-library%2freact 32ms (cache miss)
44 silly fetch manifest @types/react@^18.0.0 || ^19.0.0
45 http fetch GET 200 https://registry.npmjs.org/@types%2freact 49ms (cache miss)
46 silly fetch manifest @types/react-dom@^18.0.0 || ^19.0.0
47 http fetch GET 200 https://registry.npmjs.org/@types%2freact-dom 30ms (cache miss)
48 silly fetch manifest react@^19.2.7
49 http fetch GET 200 https://registry.npmjs.org/react 12ms (cache hit)
50 silly fetch manifest react-dom@^19.2.7
51 http fetch GET 200 https://registry.npmjs.org/react-dom 8ms (cache hit)
52 silly fetch manifest @testing-library/user-event@^13.2.1
53 http fetch GET 200 https://registry.npmjs.org/@testing-library%2fuser-event 49ms (cache miss)
54 silly fetch manifest web-vitals@^2.1.0
55 http fetch GET 200 https://registry.npmjs.org/web-vitals 23ms (cache miss)
56 silly placeDep ROOT @testing-library/dom@10.4.1 OK for: frontend@0.1.0 want: ^10.4.0
57 silly placeDep ROOT @testing-library/jest-dom@6.9.1 OK for: frontend@0.1.0 want: ^6.6.3
58 silly placeDep ROOT @testing-library/react@16.3.2 OK for: frontend@0.1.0 want: ^16.1.0
59 silly placeDep ROOT @testing-library/user-event@13.5.0 OK for: frontend@0.1.0 want: ^13.2.1
60 silly placeDep ROOT web-vitals@2.1.4 OK for: frontend@0.1.0 want: ^2.1.0
61 silly fetch manifest lz-string@^1.5.0
62 silly fetch manifest aria-query@5.3.0
63 silly fetch manifest @types/aria-query@^5.0.1
64 silly fetch manifest dom-accessibility-api@^0.5.9
65 silly fetch manifest redent@^3.0.0
66 silly fetch manifest css.escape@^1.5.1
67 silly fetch manifest @adobe/css-tools@^4.4.0
68 silly fetch manifest dom-accessibility-api@^0.6.3
69 http fetch GET 200 https://registry.npmjs.org/aria-query 18ms (cache hit)
70 http fetch GET 200 https://registry.npmjs.org/css.escape 35ms (cache miss)
71 http fetch GET 200 https://registry.npmjs.org/dom-accessibility-api 37ms (cache miss)
72 http fetch GET 200 https://registry.npmjs.org/redent 43ms (cache miss)
73 http fetch GET 200 https://registry.npmjs.org/dom-accessibility-api 43ms (cache miss)
74 http fetch GET 200 https://registry.npmjs.org/@types%2faria-query 51ms (cache miss)
75 http fetch GET 200 https://registry.npmjs.org/@adobe%2fcss-tools 298ms (cache miss)
76 http fetch GET 200 https://registry.npmjs.org/lz-string 315ms (cache miss)
77 timing idealTree:#root Completed in 1303ms
78 silly placeDep ROOT @types/aria-query@5.0.4 OK for: @testing-library/dom@10.4.1 want: ^5.0.1
79 silly placeDep node_modules/@testing-library/dom aria-query@5.3.0 OK for: @testing-library/dom@10.4.1 want: 5.3.0
80 silly placeDep ROOT dom-accessibility-api@0.5.16 OK for: @testing-library/dom@10.4.1 want: ^0.5.9
81 silly placeDep ROOT lz-string@1.5.0 OK for: @testing-library/dom@10.4.1 want: ^1.5.0
82 silly fetch manifest dequal@^2.0.3
83 http fetch GET 200 https://registry.npmjs.org/dequal 16ms (cache miss)
84 timing idealTree:node_modules/@testing-library/dom Completed in 25ms
85 silly placeDep ROOT @adobe/css-tools@4.5.0 OK for: @testing-library/jest-dom@6.9.1 want: ^4.4.0
86 silly placeDep ROOT css.escape@1.5.1 OK for: @testing-library/jest-dom@6.9.1 want: ^1.5.1
87 silly placeDep node_modules/@testing-library/jest-dom dom-accessibility-api@0.6.3 OK for: @testing-library/jest-dom@6.9.1 want: ^0.6.3
88 silly placeDep ROOT redent@3.0.0 OK for: @testing-library/jest-dom@6.9.1 want: ^3.0.0
89 silly fetch manifest indent-string@^4.0.0
90 silly fetch manifest strip-indent@^3.0.0
91 http fetch GET 200 https://registry.npmjs.org/indent-string 19ms (cache miss)
92 http fetch GET 200 https://registry.npmjs.org/strip-indent 21ms (cache miss)
93 timing idealTree:node_modules/@testing-library/jest-dom Completed in 25ms
94 timing idealTree:node_modules/@adobe/css-tools Completed in 0ms
95 timing idealTree:node_modules/@testing-library/react Completed in 0ms
96 timing idealTree:node_modules/@testing-library/user-event Completed in 1ms
97 timing idealTree:node_modules/@types/aria-query Completed in 0ms
98 timing idealTree:node_modules/css.escape Completed in 0ms
99 timing idealTree:node_modules/dom-accessibility-api Completed in 0ms
100 timing idealTree:node_modules/lz-string Completed in 0ms
101 silly fetch manifest typescript@^3.2.1 || ^4
102 http fetch GET 200 https://registry.npmjs.org/typescript 19ms (cache hit)
103 silly placeDep ROOT typescript@4.9.5 REPLACE for: react-scripts@5.0.1 want: ^3.2.1 || ^4
104 timing idealTree:node_modules/react-scripts Completed in 116ms
105 silly placeDep ROOT indent-string@4.0.0 OK for: redent@3.0.0 want: ^4.0.0
106 silly placeDep ROOT strip-indent@3.0.0 OK for: redent@3.0.0 want: ^3.0.0
107 silly fetch manifest min-indent@^1.0.0
108 http fetch GET 200 https://registry.npmjs.org/min-indent 17ms (cache miss)
109 timing idealTree:node_modules/redent Completed in 27ms
110 timing idealTree:node_modules/indent-string Completed in 0ms
111 silly placeDep ROOT min-indent@1.0.1 OK for: strip-indent@3.0.0 want: ^1.0.0
112 timing idealTree:node_modules/strip-indent Completed in 1ms
113 timing idealTree:node_modules/min-indent Completed in 0ms
114 timing idealTree:node_modules/typescript Completed in 0ms
115 timing idealTree:node_modules/web-vitals Completed in 0ms
116 silly placeDep ROOT dequal@2.0.3 OK for: aria-query@5.3.0 want: ^2.0.3
117 timing idealTree:node_modules/@testing-library/dom/node_modules/aria-query Completed in 1ms
118 timing idealTree:node_modules/dequal Completed in 0ms
119 timing idealTree:node_modules/@testing-library/jest-dom/node_modules/dom-accessibility-api Completed in 0ms
120 timing idealTree:buildDeps Completed in 1501ms
121 timing idealTree:fixDepFlags Completed in 17ms
122 timing idealTree Completed in 2257ms
123 timing reify:loadTrees Completed in 2259ms
124 timing reify:diffTrees Completed in 22ms
125 silly reify mark retired [
125 silly reify   '/home/ubuntu/Newproject/frontend/node_modules/typescript',
125 silly reify   '/home/ubuntu/Newproject/frontend/node_modules/.bin/tsc',
125 silly reify   '/home/ubuntu/Newproject/frontend/node_modules/.bin/tsserver'
125 silly reify ]
126 silly reify moves {
126 silly reify   '/home/ubuntu/Newproject/frontend/node_modules/typescript': '/home/ubuntu/Newproject/frontend/node_modules/.typescript-2En4QEuJ',
126 silly reify   '/home/ubuntu/Newproject/frontend/node_modules/.bin/tsc': '/home/ubuntu/Newproject/frontend/node_modules/.bin/.tsc-pVg2IiLn',
126 silly reify   '/home/ubuntu/Newproject/frontend/node_modules/.bin/tsserver': '/home/ubuntu/Newproject/frontend/node_modules/.bin/.tsserver-oIZmnIxk'
126 silly reify }
127 timing reify:retireShallow Completed in 8ms
128 timing reify:createSparse Completed in 1ms
129 timing reify:loadBundles Completed in 0ms
130 verbose reify failed optional dependency /home/ubuntu/Newproject/frontend/node_modules/fsevents
131 silly reify mark deleted [ '/home/ubuntu/Newproject/frontend/node_modules/fsevents' ]
132 timing reifyNode:node_modules/fsevents Completed in 3ms
133 silly tarball no local data for dequal@https://registry.npmjs.org/dequal/-/dequal-2.0.3.tgz. Extracting by manifest.
134 silly tarball no local data for min-indent@https://registry.npmjs.org/min-indent/-/min-indent-1.0.1.tgz. Extracting by manifest.
135 silly tarball no local data for strip-indent@https://registry.npmjs.org/strip-indent/-/strip-indent-3.0.0.tgz. Extracting by manifest.
136 silly tarball no local data for indent-string@https://registry.npmjs.org/indent-string/-/indent-string-4.0.0.tgz. Extracting by manifest.
137 silly tarball no local data for redent@https://registry.npmjs.org/redent/-/redent-3.0.0.tgz. Extracting by manifest.
138 silly tarball no local data for css.escape@https://registry.npmjs.org/css.escape/-/css.escape-1.5.1.tgz. Extracting by manifest.
139 silly tarball no local data for @adobe/css-tools@https://registry.npmjs.org/@adobe/css-tools/-/css-tools-4.5.0.tgz. Extracting by manifest.
140 silly tarball no local data for lz-string@https://registry.npmjs.org/lz-string/-/lz-string-1.5.0.tgz. Extracting by manifest.
141 silly tarball no local data for dom-accessibility-api@https://registry.npmjs.org/dom-accessibility-api/-/dom-accessibility-api-0.5.16.tgz. Extracting by manifest.
142 silly tarball no local data for web-vitals@https://registry.npmjs.org/web-vitals/-/web-vitals-2.1.4.tgz. Extracting by manifest.
143 silly tarball no local data for @types/aria-query@https://registry.npmjs.org/@types/aria-query/-/aria-query-5.0.4.tgz. Extracting by manifest.
144 silly tarball no local data for @testing-library/user-event@https://registry.npmjs.org/@testing-library/user-event/-/user-event-13.5.0.tgz. Extracting by manifest.
145 silly tarball no local data for @testing-library/react@https://registry.npmjs.org/@testing-library/react/-/react-16.3.2.tgz. Extracting by manifest.
146 silly tarball no local data for @testing-library/jest-dom@https://registry.npmjs.org/@testing-library/jest-dom/-/jest-dom-6.9.1.tgz. Extracting by manifest.
147 silly tarball no local data for typescript@https://registry.npmjs.org/typescript/-/typescript-4.9.5.tgz. Extracting by manifest.
148 silly tarball no local data for @testing-library/dom@https://registry.npmjs.org/@testing-library/dom/-/dom-10.4.1.tgz. Extracting by manifest.
149 silly tarball no local data for dom-accessibility-api@https://registry.npmjs.org/dom-accessibility-api/-/dom-accessibility-api-0.6.3.tgz. Extracting by manifest.
150 silly tarball no local data for aria-query@https://registry.npmjs.org/aria-query/-/aria-query-5.3.0.tgz. Extracting by manifest.
151 http fetch GET 200 https://registry.npmjs.org/min-indent/-/min-indent-1.0.1.tgz 85ms (cache miss)
152 timing reifyNode:node_modules/min-indent Completed in 95ms
153 http fetch GET 200 https://registry.npmjs.org/redent/-/redent-3.0.0.tgz 93ms (cache miss)
154 timing reifyNode:node_modules/redent Completed in 103ms
155 http fetch GET 200 https://registry.npmjs.org/css.escape/-/css.escape-1.5.1.tgz 95ms (cache miss)
156 timing reifyNode:node_modules/css.escape Completed in 106ms
157 http fetch GET 200 https://registry.npmjs.org/indent-string/-/indent-string-4.0.0.tgz 96ms (cache miss)
158 timing reifyNode:node_modules/indent-string Completed in 106ms
159 http fetch GET 200 https://registry.npmjs.org/strip-indent/-/strip-indent-3.0.0.tgz 97ms (cache miss)
160 timing reifyNode:node_modules/strip-indent Completed in 108ms
161 http fetch GET 200 https://registry.npmjs.org/dequal/-/dequal-2.0.3.tgz 103ms (cache miss)
162 timing reifyNode:node_modules/dequal Completed in 117ms
163 http fetch GET 200 https://registry.npmjs.org/@types/aria-query/-/aria-query-5.0.4.tgz 107ms (cache miss)
164 timing reifyNode:node_modules/@types/aria-query Completed in 119ms
165 http fetch GET 200 https://registry.npmjs.org/lz-string/-/lz-string-1.5.0.tgz 238ms (cache miss)
166 timing reifyNode:node_modules/lz-string Completed in 253ms
167 http fetch GET 200 https://registry.npmjs.org/@adobe/css-tools/-/css-tools-4.5.0.tgz 268ms (cache miss)
168 timing reifyNode:node_modules/@adobe/css-tools Completed in 279ms
169 http fetch GET 200 https://registry.npmjs.org/@testing-library/react/-/react-16.3.2.tgz 279ms (cache miss)
170 timing reifyNode:node_modules/@testing-library/react Completed in 292ms
171 http fetch GET 200 https://registry.npmjs.org/@testing-library/jest-dom/-/jest-dom-6.9.1.tgz 310ms (cache miss)
172 timing reifyNode:node_modules/@testing-library/jest-dom Completed in 325ms
173 http fetch GET 200 https://registry.npmjs.org/dom-accessibility-api/-/dom-accessibility-api-0.6.3.tgz 313ms (cache miss)
174 timing reifyNode:node_modules/@testing-library/jest-dom/node_modules/dom-accessibility-api Completed in 329ms
175 http fetch GET 200 https://registry.npmjs.org/web-vitals/-/web-vitals-2.1.4.tgz 318ms (cache miss)
176 http fetch GET 200 https://registry.npmjs.org/dom-accessibility-api/-/dom-accessibility-api-0.5.16.tgz 320ms (cache miss)
177 timing reifyNode:node_modules/web-vitals Completed in 332ms
178 timing reifyNode:node_modules/dom-accessibility-api Completed in 333ms
179 http fetch GET 200 https://registry.npmjs.org/@testing-library/user-event/-/user-event-13.5.0.tgz 343ms (cache miss)
180 timing reifyNode:node_modules/@testing-library/user-event Completed in 356ms
181 http fetch GET 200 https://registry.npmjs.org/aria-query/-/aria-query-5.3.0.tgz 356ms (cache miss)
182 timing reifyNode:node_modules/@testing-library/dom/node_modules/aria-query Completed in 370ms
183 http fetch GET 200 https://registry.npmjs.org/@testing-library/dom/-/dom-10.4.1.tgz 360ms (cache miss)
184 timing reifyNode:node_modules/@testing-library/dom Completed in 374ms
185 http fetch GET 200 https://registry.npmjs.org/typescript/-/typescript-4.9.5.tgz 783ms (cache miss)
186 timing reifyNode:node_modules/typescript Completed in 798ms
187 timing reify:unpack Completed in 799ms
188 timing reify:unretire Completed in 0ms
189 timing build:queue Completed in 1ms
190 timing build:link:node_modules/lz-string Completed in 2ms
191 timing build:link:node_modules/typescript Completed in 1ms
192 timing build:link Completed in 2ms
193 timing build:deps Completed in 3ms
194 timing build Completed in 3ms
195 timing reify:build Completed in 4ms
196 timing reify:trash Completed in 7ms
197 timing reify:save Completed in 283ms
198 timing reify Completed in 3571ms
199 silly ADD node_modules/dequal
200 silly ADD node_modules/min-indent
201 silly ADD node_modules/strip-indent
202 silly ADD node_modules/indent-string
203 silly ADD node_modules/redent
204 silly ADD node_modules/css.escape
205 silly ADD node_modules/@adobe/css-tools
206 silly ADD node_modules/lz-string
207 silly ADD node_modules/dom-accessibility-api
208 silly ADD node_modules/@types/aria-query
209 silly ADD node_modules/web-vitals
210 silly ADD node_modules/@testing-library/user-event
211 silly ADD node_modules/@testing-library/react
212 silly ADD node_modules/@testing-library/jest-dom
213 silly ADD node_modules/@testing-library/jest-dom/node_modules/dom-accessibility-api
214 silly ADD node_modules/@testing-library/dom
215 silly ADD node_modules/@testing-library/dom/node_modules/aria-query
216 silly ADD
217 silly CHANGE node_modules/typescript
218 timing command:install Completed in 3579ms
219 verbose exit 0
220 timing npm Completed in 3617ms
221 info ok
