0 verbose cli /usr/bin/node /usr/share/nodejs/npm/bin/npm-cli.js
1 info using npm@9.2.0
2 info using node@v22.22.1
3 timing npm:load:whichnode Completed in 0ms
4 timing config:load:defaults Completed in 1ms
5 timing config:load:file:/usr/share/nodejs/npm/npmrc Completed in 10ms
6 timing config:load:builtin Completed in 10ms
7 timing config:load:cli Completed in 2ms
8 timing config:load:env Completed in 0ms
9 timing config:load:file:/home/ubuntu/Newproject/.npmrc Completed in 0ms
10 timing config:load:project Completed in 7ms
11 timing config:load:file:/home/ubuntu/.npmrc Completed in 0ms
12 timing config:load:user Completed in 0ms
13 timing config:load:file:/etc/npmrc Completed in 0ms
14 timing config:load:global Completed in 0ms
15 timing config:load:setEnvs Completed in 0ms
16 timing config:load Completed in 21ms
17 timing npm:load:configload Completed in 21ms
18 timing npm:load:mkdirpcache Completed in 1ms
19 timing npm:load:mkdirplogs Completed in 0ms
20 verbose title npm exec create-react-app frontend
21 verbose argv "exec" "--" "create-react-app" "frontend"
22 timing npm:load:setTitle Completed in 0ms
23 timing config:load:flatten Completed in 2ms
24 timing npm:load:display Completed in 3ms
25 verbose logfile logs-max:10 dir:/home/ubuntu/.npm/_logs/2026-06-19T10_09_29_273Z-
26 verbose logfile /home/ubuntu/.npm/_logs/2026-06-19T10_09_29_273Z-debug-0.log
27 timing npm:load:logFile Completed in 8ms
28 timing npm:load:timers Completed in 0ms
29 timing npm:load:configScope Completed in 0ms
30 timing npm:load Completed in 34ms
31 silly logfile done cleaning log files
32 timing arborist:ctor Completed in 0ms
33 http fetch GET 200 https://registry.npmjs.org/create-react-app 89ms (cache miss)
34 timing arborist:ctor Completed in 0ms
35 timing arborist:ctor Completed in 0ms
36 timing arborist:ctor Completed in 0ms
37 timing idealTree:init Completed in 4ms
38 timing idealTree:userRequests Completed in 1ms
39 silly idealTree buildDeps
40 silly fetch manifest create-react-app@5.1.0
41 http fetch GET 200 https://registry.npmjs.org/create-react-app 7ms (cache hit)
42 silly placeDep ROOT create-react-app@5.1.0 OK for:  want: 5.1.0
43 silly fetch manifest tmp@^0.2.1
44 silly fetch manifest chalk@^4.1.2
45 silly fetch manifest semver@^7.3.5
46 silly fetch manifest envinfo@^7.8.1
47 silly fetch manifest prompts@^2.4.2
48 silly fetch manifest fs-extra@^10.0.0
49 silly fetch manifest tar-pack@^3.4.1
50 silly fetch manifest commander@^4.1.1
51 silly fetch manifest hyperquest@^2.1.3
52 silly fetch manifest cross-spawn@^7.0.3
53 silly fetch manifest validate-npm-package-name@^3.0.0
54 http fetch GET 200 https://registry.npmjs.org/tmp 43ms (cache miss)
55 http fetch GET 200 https://registry.npmjs.org/validate-npm-package-name 70ms (cache miss)
56 http fetch GET 200 https://registry.npmjs.org/chalk 77ms (cache miss)
57 http fetch GET 200 https://registry.npmjs.org/cross-spawn 75ms (cache miss)
58 http fetch GET 200 https://registry.npmjs.org/prompts 79ms (cache miss)
59 http fetch GET 200 https://registry.npmjs.org/fs-extra 82ms (cache miss)
60 http fetch GET 200 https://registry.npmjs.org/envinfo 86ms (cache miss)
61 http fetch GET 200 https://registry.npmjs.org/semver 88ms (cache miss)
62 http fetch GET 200 https://registry.npmjs.org/commander 88ms (cache miss)
63 http fetch GET 200 https://registry.npmjs.org/hyperquest 299ms (cache miss)
64 http fetch GET 200 https://registry.npmjs.org/tar-pack 300ms (cache miss)
65 timing idealTree:#root Completed in 317ms
66 silly placeDep ROOT chalk@4.1.2 OK for: create-react-app@5.1.0 want: ^4.1.2
67 silly placeDep ROOT commander@4.1.1 OK for: create-react-app@5.1.0 want: ^4.1.1
68 silly placeDep ROOT cross-spawn@7.0.6 OK for: create-react-app@5.1.0 want: ^7.0.3
69 silly placeDep ROOT envinfo@7.21.0 OK for: create-react-app@5.1.0 want: ^7.8.1
70 silly placeDep ROOT fs-extra@10.1.0 OK for: create-react-app@5.1.0 want: ^10.0.0
71 silly placeDep ROOT hyperquest@2.1.3 OK for: create-react-app@5.1.0 want: ^2.1.3
72 silly placeDep ROOT prompts@2.4.2 OK for: create-react-app@5.1.0 want: ^2.4.2
73 silly placeDep ROOT semver@7.8.4 OK for: create-react-app@5.1.0 want: ^7.3.5
74 silly placeDep ROOT tar-pack@3.4.1 OK for: create-react-app@5.1.0 want: ^3.4.1
75 silly placeDep ROOT tmp@0.2.7 OK for: create-react-app@5.1.0 want: ^0.2.1
76 silly placeDep ROOT validate-npm-package-name@3.0.0 OK for: create-react-app@5.1.0 want: ^3.0.0
77 silly fetch manifest ansi-styles@^4.1.0
78 silly fetch manifest supports-color@^7.1.0
79 silly fetch manifest which@^2.0.1
80 silly fetch manifest path-key@^3.1.0
81 silly fetch manifest shebang-command@^2.0.0
82 silly fetch manifest jsonfile@^6.0.1
83 silly fetch manifest graceful-fs@^4.2.0
84 silly fetch manifest universalify@^2.0.0
85 silly fetch manifest buffer-from@^0.1.1
86 silly fetch manifest duplexer2@~0.0.2
87 silly fetch manifest through2@~0.6.3
88 silly fetch manifest kleur@^3.0.3
89 silly fetch manifest sisteransi@^1.0.5
90 silly fetch manifest debug@^2.2.0
91 silly fetch manifest fstream@^1.0.10
92 silly fetch manifest fstream-ignore@^1.0.5
93 silly fetch manifest once@^1.3.3
94 silly fetch manifest readable-stream@^2.1.4
95 silly fetch manifest rimraf@^2.5.1
96 silly fetch manifest tar@^2.2.1
97 silly fetch manifest uid-number@^0.0.6
98 silly fetch manifest builtins@^1.0.3
99 http fetch GET 200 https://registry.npmjs.org/buffer-from 50ms (cache miss)
100 http fetch GET 200 https://registry.npmjs.org/which 60ms (cache miss)
101 http fetch GET 200 https://registry.npmjs.org/shebang-command 75ms (cache miss)
102 http fetch GET 200 https://registry.npmjs.org/once 74ms (cache miss)
103 http fetch GET 200 https://registry.npmjs.org/path-key 77ms (cache miss)
104 http fetch GET 200 https://registry.npmjs.org/duplexer2 77ms (cache miss)
105 http fetch GET 200 https://registry.npmjs.org/through2 79ms (cache miss)
106 http fetch GET 200 https://registry.npmjs.org/universalify 82ms (cache miss)
107 http fetch GET 200 https://registry.npmjs.org/sisteransi 81ms (cache miss)
108 http fetch GET 200 https://registry.npmjs.org/jsonfile 86ms (cache miss)
109 http fetch GET 200 https://registry.npmjs.org/uid-number 85ms (cache miss)
110 http fetch GET 200 https://registry.npmjs.org/ansi-styles 90ms (cache miss)
111 http fetch GET 200 https://registry.npmjs.org/supports-color 92ms (cache miss)
112 http fetch GET 200 https://registry.npmjs.org/kleur 92ms (cache miss)
113 http fetch GET 200 https://registry.npmjs.org/graceful-fs 95ms (cache miss)
114 http fetch GET 200 https://registry.npmjs.org/debug 94ms (cache miss)
115 http fetch GET 200 https://registry.npmjs.org/readable-stream 96ms (cache miss)
116 http fetch GET 200 https://registry.npmjs.org/tar 96ms (cache miss)
117 http fetch GET 200 https://registry.npmjs.org/rimraf 99ms (cache miss)
118 http fetch GET 200 https://registry.npmjs.org/fstream-ignore 283ms (cache miss)
119 http fetch GET 200 https://registry.npmjs.org/fstream 297ms (cache miss)
120 http fetch GET 200 https://registry.npmjs.org/builtins 302ms (cache miss)
121 timing idealTree:node_modules/create-react-app Completed in 318ms
122 silly placeDep ROOT ansi-styles@4.3.0 OK for: chalk@4.1.2 want: ^4.1.0
123 silly placeDep ROOT supports-color@7.2.0 OK for: chalk@4.1.2 want: ^7.1.0
124 silly fetch manifest color-convert@^2.0.1
125 silly fetch manifest has-flag@^4.0.0
126 http fetch GET 200 https://registry.npmjs.org/has-flag 27ms (cache miss)
127 http fetch GET 200 https://registry.npmjs.org/color-convert 29ms (cache miss)
128 timing idealTree:node_modules/chalk Completed in 32ms
129 silly placeDep ROOT color-convert@2.0.1 OK for: ansi-styles@4.3.0 want: ^2.0.1
130 silly fetch manifest color-name@~1.1.4
131 http fetch GET 200 https://registry.npmjs.org/color-name 31ms (cache miss)
132 timing idealTree:node_modules/ansi-styles Completed in 34ms
133 silly placeDep ROOT color-name@1.1.4 OK for: color-convert@2.0.1 want: ~1.1.4
134 timing idealTree:node_modules/color-convert Completed in 1ms
135 timing idealTree:node_modules/color-name Completed in 0ms
136 timing idealTree:node_modules/commander Completed in 0ms
137 silly placeDep ROOT path-key@3.1.1 OK for: cross-spawn@7.0.6 want: ^3.1.0
138 silly placeDep ROOT shebang-command@2.0.0 OK for: cross-spawn@7.0.6 want: ^2.0.0
139 silly placeDep ROOT which@2.0.2 OK for: cross-spawn@7.0.6 want: ^2.0.1
140 silly fetch manifest shebang-regex@^3.0.0
141 silly fetch manifest isexe@^2.0.0
142 http fetch GET 200 https://registry.npmjs.org/shebang-regex 26ms (cache miss)
143 http fetch GET 200 https://registry.npmjs.org/isexe 31ms (cache miss)
144 timing idealTree:node_modules/cross-spawn Completed in 36ms
145 timing idealTree:node_modules/envinfo Completed in 0ms
146 silly placeDep ROOT graceful-fs@4.2.11 OK for: fs-extra@10.1.0 want: ^4.2.0
147 silly placeDep ROOT jsonfile@6.2.1 OK for: fs-extra@10.1.0 want: ^6.0.1
148 silly placeDep ROOT universalify@2.0.1 OK for: fs-extra@10.1.0 want: ^2.0.0
149 timing idealTree:node_modules/fs-extra Completed in 3ms
150 timing idealTree:node_modules/graceful-fs Completed in 0ms
151 silly placeDep ROOT buffer-from@0.1.2 OK for: hyperquest@2.1.3 want: ^0.1.1
152 silly placeDep ROOT duplexer2@0.0.2 OK for: hyperquest@2.1.3 want: ~0.0.2
153 silly placeDep ROOT through2@0.6.5 OK for: hyperquest@2.1.3 want: ~0.6.3
154 silly fetch manifest readable-stream@~1.1.9
155 silly fetch manifest xtend@>=4.0.0 <4.1.0-0
156 silly fetch manifest readable-stream@>=1.0.33-1 <1.1.0-0
157 http fetch GET 200 https://registry.npmjs.org/xtend 27ms (cache miss)
158 timing idealTree:node_modules/hyperquest Completed in 30ms
159 timing idealTree:node_modules/buffer-from Completed in 0ms
160 silly placeDep ROOT readable-stream@1.1.14 OK for: duplexer2@0.0.2 want: ~1.1.9
161 silly fetch manifest isarray@0.0.1
162 silly fetch manifest inherits@~2.0.1
163 silly fetch manifest core-util-is@~1.0.0
164 silly fetch manifest string_decoder@~0.10.x
165 http fetch GET 200 https://registry.npmjs.org/core-util-is 19ms (cache miss)
166 http fetch GET 200 https://registry.npmjs.org/string_decoder 26ms (cache miss)
167 http fetch GET 200 https://registry.npmjs.org/inherits 27ms (cache miss)
168 http fetch GET 200 https://registry.npmjs.org/isarray 27ms (cache miss)
169 timing idealTree:node_modules/duplexer2 Completed in 30ms
170 timing idealTree:node_modules/jsonfile Completed in 0ms
171 timing idealTree:node_modules/path-key Completed in 0ms
172 silly placeDep ROOT kleur@3.0.3 OK for: prompts@2.4.2 want: ^3.0.3
173 silly placeDep ROOT sisteransi@1.0.5 OK for: prompts@2.4.2 want: ^1.0.5
174 timing idealTree:node_modules/prompts Completed in 2ms
175 timing idealTree:node_modules/kleur Completed in 0ms
176 silly placeDep ROOT core-util-is@1.0.3 OK for: readable-stream@1.1.14 want: ~1.0.0
177 silly placeDep ROOT inherits@2.0.4 OK for: readable-stream@1.1.14 want: ~2.0.1
178 silly placeDep ROOT isarray@0.0.1 OK for: readable-stream@1.1.14 want: 0.0.1
179 silly placeDep ROOT string_decoder@0.10.31 OK for: readable-stream@1.1.14 want: ~0.10.x
180 timing idealTree:node_modules/readable-stream Completed in 6ms
181 timing idealTree:node_modules/core-util-is Completed in 0ms
182 timing idealTree:node_modules/inherits Completed in 0ms
183 timing idealTree:node_modules/isarray Completed in 0ms
184 timing idealTree:node_modules/semver Completed in 0ms
185 silly placeDep ROOT shebang-regex@3.0.0 OK for: shebang-command@2.0.0 want: ^3.0.0
186 timing idealTree:node_modules/shebang-command Completed in 1ms
187 timing idealTree:node_modules/shebang-regex Completed in 0ms
188 timing idealTree:node_modules/sisteransi Completed in 0ms
189 timing idealTree:node_modules/string_decoder Completed in 0ms
190 silly placeDep ROOT has-flag@4.0.0 OK for: supports-color@7.2.0 want: ^4.0.0
191 timing idealTree:node_modules/supports-color Completed in 1ms
192 timing idealTree:node_modules/has-flag Completed in 0ms
193 silly placeDep ROOT debug@2.6.9 OK for: tar-pack@3.4.1 want: ^2.2.0
194 silly placeDep ROOT fstream@1.0.12 OK for: tar-pack@3.4.1 want: ^1.0.10
195 silly placeDep ROOT fstream-ignore@1.0.5 OK for: tar-pack@3.4.1 want: ^1.0.5
196 silly placeDep ROOT once@1.4.0 OK for: tar-pack@3.4.1 want: ^1.3.3
197 silly placeDep node_modules/tar-pack readable-stream@2.3.8 OK for: tar-pack@3.4.1 want: ^2.1.4
198 silly placeDep ROOT rimraf@2.7.1 OK for: tar-pack@3.4.1 want: ^2.5.1
199 silly placeDep ROOT tar@2.2.2 OK for: tar-pack@3.4.1 want: ^2.2.1
200 silly placeDep ROOT uid-number@0.0.6 OK for: tar-pack@3.4.1 want: ^0.0.6
201 silly fetch manifest ms@2.0.0
202 silly fetch manifest mkdirp@>=0.5 0
203 silly fetch manifest minimatch@^3.0.0
204 silly fetch manifest wrappy@1
205 silly fetch manifest isarray@~1.0.0
206 silly fetch manifest safe-buffer@~5.1.1
207 silly fetch manifest string_decoder@~1.1.1
208 silly fetch manifest util-deprecate@~1.0.1
209 silly fetch manifest process-nextick-args@~2.0.0
210 silly fetch manifest glob@^7.1.3
211 silly fetch manifest block-stream@*
212 http fetch GET 200 https://registry.npmjs.org/wrappy 22ms (cache miss)
213 http fetch GET 200 https://registry.npmjs.org/block-stream 21ms (cache miss)
214 http fetch GET 200 https://registry.npmjs.org/ms 29ms (cache miss)
215 http fetch GET 200 https://registry.npmjs.org/process-nextick-args 29ms (cache miss)
216 http fetch GET 200 https://registry.npmjs.org/util-deprecate 29ms (cache miss)
217 http fetch GET 200 https://registry.npmjs.org/safe-buffer 39ms (cache miss)
218 http fetch GET 200 https://registry.npmjs.org/minimatch 43ms (cache miss)
219 http fetch GET 200 https://registry.npmjs.org/mkdirp 50ms (cache miss)
220 http fetch GET 200 https://registry.npmjs.org/glob 48ms (cache miss)
221 timing idealTree:node_modules/tar-pack Completed in 67ms
222 silly placeDep ROOT ms@2.0.0 OK for: debug@2.6.9 want: 2.0.0
223 timing idealTree:node_modules/debug Completed in 1ms
224 silly placeDep ROOT mkdirp@0.5.6 OK for: fstream@1.0.12 want: >=0.5 0
225 silly fetch manifest minimist@^1.2.6
226 http fetch GET 200 https://registry.npmjs.org/minimist 28ms (cache miss)
227 timing idealTree:node_modules/fstream Completed in 34ms
228 silly placeDep ROOT minimatch@3.1.5 OK for: fstream-ignore@1.0.5 want: ^3.0.0
229 silly fetch manifest brace-expansion@^1.1.7
230 http fetch GET 200 https://registry.npmjs.org/brace-expansion 25ms (cache miss)
231 timing idealTree:node_modules/fstream-ignore Completed in 27ms
232 silly placeDep ROOT brace-expansion@1.1.15 OK for: minimatch@3.1.5 want: ^1.1.7
233 silly fetch manifest balanced-match@^1.0.0
234 silly fetch manifest concat-map@0.0.1
235 http fetch GET 200 https://registry.npmjs.org/concat-map 24ms (cache miss)
236 http fetch GET 200 https://registry.npmjs.org/balanced-match 27ms (cache miss)
237 timing idealTree:node_modules/minimatch Completed in 28ms
238 silly placeDep ROOT balanced-match@1.0.2 OK for: brace-expansion@1.1.15 want: ^1.0.0
239 silly placeDep ROOT concat-map@0.0.1 OK for: brace-expansion@1.1.15 want: 0.0.1
240 timing idealTree:node_modules/brace-expansion Completed in 2ms
241 timing idealTree:node_modules/balanced-match Completed in 0ms
242 timing idealTree:node_modules/concat-map Completed in 0ms
243 silly placeDep ROOT minimist@1.2.8 OK for: mkdirp@0.5.6 want: ^1.2.6
244 timing idealTree:node_modules/mkdirp Completed in 1ms
245 timing idealTree:node_modules/minimist Completed in 0ms
246 timing idealTree:node_modules/ms Completed in 0ms
247 silly placeDep ROOT wrappy@1.0.2 OK for: once@1.4.0 want: 1
248 timing idealTree:node_modules/once Completed in 1ms
249 silly placeDep ROOT glob@7.2.3 OK for: rimraf@2.7.1 want: ^7.1.3
250 silly fetch manifest inflight@^1.0.4
251 silly fetch manifest fs.realpath@^1.0.0
252 silly fetch manifest path-is-absolute@^1.0.0
253 http fetch GET 200 https://registry.npmjs.org/inflight 22ms (cache miss)
254 http fetch GET 200 https://registry.npmjs.org/fs.realpath 24ms (cache miss)
255 http fetch GET 200 https://registry.npmjs.org/path-is-absolute 28ms (cache miss)
256 timing idealTree:node_modules/rimraf Completed in 30ms
257 silly placeDep ROOT fs.realpath@1.0.0 OK for: glob@7.2.3 want: ^1.0.0
258 silly placeDep ROOT inflight@1.0.6 OK for: glob@7.2.3 want: ^1.0.4
259 silly placeDep ROOT path-is-absolute@1.0.1 OK for: glob@7.2.3 want: ^1.0.0
260 timing idealTree:node_modules/glob Completed in 4ms
261 timing idealTree:node_modules/fs.realpath Completed in 0ms
262 timing idealTree:node_modules/inflight Completed in 0ms
263 timing idealTree:node_modules/path-is-absolute Completed in 0ms
264 silly placeDep ROOT block-stream@0.0.9 OK for: tar@2.2.2 want: *
265 timing idealTree:node_modules/tar Completed in 3ms
266 timing idealTree:node_modules/block-stream Completed in 0ms
267 silly placeDep node_modules/through2 readable-stream@1.0.34 OK for: through2@0.6.5 want: >=1.0.33-1 <1.1.0-0
268 silly placeDep ROOT xtend@4.0.2 OK for: through2@0.6.5 want: >=4.0.0 <4.1.0-0
269 timing idealTree:node_modules/through2 Completed in 2ms
270 timing idealTree:node_modules/tmp Completed in 0ms
271 timing idealTree:node_modules/uid-number Completed in 1ms
272 timing idealTree:node_modules/universalify Completed in 0ms
273 silly placeDep ROOT builtins@1.0.3 OK for: validate-npm-package-name@3.0.0 want: ^1.0.3
274 timing idealTree:node_modules/validate-npm-package-name Completed in 1ms
275 timing idealTree:node_modules/builtins Completed in 0ms
276 silly placeDep ROOT isexe@2.0.0 OK for: which@2.0.2 want: ^2.0.0
277 timing idealTree:node_modules/which Completed in 1ms
278 timing idealTree:node_modules/isexe Completed in 0ms
279 timing idealTree:node_modules/wrappy Completed in 0ms
280 timing idealTree:node_modules/xtend Completed in 0ms
281 silly placeDep node_modules/tar-pack isarray@1.0.0 OK for: readable-stream@2.3.8 want: ~1.0.0
282 silly placeDep ROOT process-nextick-args@2.0.1 OK for: readable-stream@2.3.8 want: ~2.0.0
283 silly placeDep ROOT safe-buffer@5.1.2 OK for: readable-stream@2.3.8 want: ~5.1.1
284 silly placeDep node_modules/tar-pack string_decoder@1.1.1 OK for: readable-stream@2.3.8 want: ~1.1.1
285 silly placeDep ROOT util-deprecate@1.0.2 OK for: readable-stream@2.3.8 want: ~1.0.1
286 timing idealTree:node_modules/tar-pack/node_modules/readable-stream Completed in 5ms
287 timing idealTree:node_modules/process-nextick-args Completed in 0ms
288 timing idealTree:node_modules/safe-buffer Completed in 0ms
289 timing idealTree:node_modules/util-deprecate Completed in 0ms
290 timing idealTree:node_modules/tar-pack/node_modules/isarray Completed in 0ms
291 timing idealTree:node_modules/tar-pack/node_modules/string_decoder Completed in 0ms
292 timing idealTree:node_modules/through2/node_modules/readable-stream Completed in 0ms
293 timing idealTree:buildDeps Completed in 1028ms
294 timing idealTree:fixDepFlags Completed in 1ms
295 timing idealTree Completed in 1034ms
296 timing reify:loadTrees Completed in 1036ms
297 timing reify:diffTrees Completed in 1ms
298 silly reify moves {}
299 timing reify:retireShallow Completed in 1ms
300 timing reify:createSparse Completed in 7ms
301 timing reify:loadBundles Completed in 0ms
302 silly audit bulk request {
302 silly audit   'create-react-app': [ '5.1.0' ],
302 silly audit   chalk: [ '4.1.2' ],
302 silly audit   commander: [ '4.1.1' ],
302 silly audit   'cross-spawn': [ '7.0.6' ],
302 silly audit   envinfo: [ '7.21.0' ],
302 silly audit   'fs-extra': [ '10.1.0' ],
302 silly audit   hyperquest: [ '2.1.3' ],
302 silly audit   prompts: [ '2.4.2' ],
302 silly audit   semver: [ '7.8.4' ],
302 silly audit   'tar-pack': [ '3.4.1' ],
302 silly audit   tmp: [ '0.2.7' ],
302 silly audit   'validate-npm-package-name': [ '3.0.0' ],
302 silly audit   'ansi-styles': [ '4.3.0' ],
302 silly audit   'supports-color': [ '7.2.0' ],
302 silly audit   'color-convert': [ '2.0.1' ],
302 silly audit   'color-name': [ '1.1.4' ],
302 silly audit   'path-key': [ '3.1.1' ],
302 silly audit   'shebang-command': [ '2.0.0' ],
302 silly audit   which: [ '2.0.2' ],
302 silly audit   'graceful-fs': [ '4.2.11' ],
302 silly audit   jsonfile: [ '6.2.1' ],
302 silly audit   universalify: [ '2.0.1' ],
302 silly audit   'buffer-from': [ '0.1.2' ],
302 silly audit   duplexer2: [ '0.0.2' ],
302 silly audit   through2: [ '0.6.5' ],
302 silly audit   'readable-stream': [ '1.1.14', '2.3.8', '1.0.34' ],
302 silly audit   kleur: [ '3.0.3' ],
302 silly audit   sisteransi: [ '1.0.5' ],
302 silly audit   'core-util-is': [ '1.0.3' ],
302 silly audit   inherits: [ '2.0.4' ],
302 silly audit   isarray: [ '0.0.1', '1.0.0' ],
302 silly audit   string_decoder: [ '0.10.31', '1.1.1' ],
302 silly audit   'shebang-regex': [ '3.0.0' ],
302 silly audit   'has-flag': [ '4.0.0' ],
302 silly audit   debug: [ '2.6.9' ],
302 silly audit   fstream: [ '1.0.12' ],
302 silly audit   'fstream-ignore': [ '1.0.5' ],
302 silly audit   once: [ '1.4.0' ],
302 silly audit   rimraf: [ '2.7.1' ],
302 silly audit   tar: [ '2.2.2' ],
302 silly audit   'uid-number': [ '0.0.6' ],
302 silly audit   ms: [ '2.0.0' ],
302 silly audit   mkdirp: [ '0.5.6' ],
302 silly audit   minimatch: [ '3.1.5' ],
302 silly audit   'brace-expansion': [ '1.1.15' ],
302 silly audit   'balanced-match': [ '1.0.2' ],
302 silly audit   'concat-map': [ '0.0.1' ],
302 silly audit   minimist: [ '1.2.8' ],
302 silly audit   wrappy: [ '1.0.2' ],
302 silly audit   glob: [ '7.2.3' ],
302 silly audit   'fs.realpath': [ '1.0.0' ],
302 silly audit   inflight: [ '1.0.6' ],
302 silly audit   'path-is-absolute': [ '1.0.1' ],
302 silly audit   'block-stream': [ '0.0.9' ],
302 silly audit   xtend: [ '4.0.2' ],
302 silly audit   builtins: [ '1.0.3' ],
302 silly audit   isexe: [ '2.0.0' ],
302 silly audit   'process-nextick-args': [ '2.0.1' ],
302 silly audit   'safe-buffer': [ '5.1.2' ],
302 silly audit   'util-deprecate': [ '1.0.2' ]
302 silly audit }
303 silly tarball no local data for util-deprecate@https://registry.npmjs.org/util-deprecate/-/util-deprecate-1.0.2.tgz. Extracting by manifest.
304 silly tarball no local data for safe-buffer@https://registry.npmjs.org/safe-buffer/-/safe-buffer-5.1.2.tgz. Extracting by manifest.
305 silly tarball no local data for process-nextick-args@https://registry.npmjs.org/process-nextick-args/-/process-nextick-args-2.0.1.tgz. Extracting by manifest.
306 silly tarball no local data for isexe@https://registry.npmjs.org/isexe/-/isexe-2.0.0.tgz. Extracting by manifest.
307 silly tarball no local data for builtins@https://registry.npmjs.org/builtins/-/builtins-1.0.3.tgz. Extracting by manifest.
308 silly tarball no local data for xtend@https://registry.npmjs.org/xtend/-/xtend-4.0.2.tgz. Extracting by manifest.
309 silly tarball no local data for block-stream@https://registry.npmjs.org/block-stream/-/block-stream-0.0.9.tgz. Extracting by manifest.
310 silly tarball no local data for path-is-absolute@https://registry.npmjs.org/path-is-absolute/-/path-is-absolute-1.0.1.tgz. Extracting by manifest.
311 silly tarball no local data for inflight@https://registry.npmjs.org/inflight/-/inflight-1.0.6.tgz. Extracting by manifest.
312 silly tarball no local data for fs.realpath@https://registry.npmjs.org/fs.realpath/-/fs.realpath-1.0.0.tgz. Extracting by manifest.
313 silly tarball no local data for glob@https://registry.npmjs.org/glob/-/glob-7.2.3.tgz. Extracting by manifest.
314 silly tarball no local data for wrappy@https://registry.npmjs.org/wrappy/-/wrappy-1.0.2.tgz. Extracting by manifest.
315 silly tarball no local data for minimist@https://registry.npmjs.org/minimist/-/minimist-1.2.8.tgz. Extracting by manifest.
316 silly tarball no local data for concat-map@https://registry.npmjs.org/concat-map/-/concat-map-0.0.1.tgz. Extracting by manifest.
317 silly tarball no local data for balanced-match@https://registry.npmjs.org/balanced-match/-/balanced-match-1.0.2.tgz. Extracting by manifest.
318 silly tarball no local data for brace-expansion@https://registry.npmjs.org/brace-expansion/-/brace-expansion-1.1.15.tgz. Extracting by manifest.
319 silly tarball no local data for minimatch@https://registry.npmjs.org/minimatch/-/minimatch-3.1.5.tgz. Extracting by manifest.
320 silly tarball no local data for mkdirp@https://registry.npmjs.org/mkdirp/-/mkdirp-0.5.6.tgz. Extracting by manifest.
321 silly tarball no local data for ms@https://registry.npmjs.org/ms/-/ms-2.0.0.tgz. Extracting by manifest.
322 silly tarball no local data for uid-number@https://registry.npmjs.org/uid-number/-/uid-number-0.0.6.tgz. Extracting by manifest.
323 silly tarball no local data for tar@https://registry.npmjs.org/tar/-/tar-2.2.2.tgz. Extracting by manifest.
324 silly tarball no local data for rimraf@https://registry.npmjs.org/rimraf/-/rimraf-2.7.1.tgz. Extracting by manifest.
325 silly tarball no local data for once@https://registry.npmjs.org/once/-/once-1.4.0.tgz. Extracting by manifest.
326 silly tarball no local data for fstream-ignore@https://registry.npmjs.org/fstream-ignore/-/fstream-ignore-1.0.5.tgz. Extracting by manifest.
327 silly tarball no local data for debug@https://registry.npmjs.org/debug/-/debug-2.6.9.tgz. Extracting by manifest.
328 silly tarball no local data for fstream@https://registry.npmjs.org/fstream/-/fstream-1.0.12.tgz. Extracting by manifest.
329 silly tarball no local data for has-flag@https://registry.npmjs.org/has-flag/-/has-flag-4.0.0.tgz. Extracting by manifest.
330 silly tarball no local data for shebang-regex@https://registry.npmjs.org/shebang-regex/-/shebang-regex-3.0.0.tgz. Extracting by manifest.
331 silly tarball no local data for string_decoder@https://registry.npmjs.org/string_decoder/-/string_decoder-0.10.31.tgz. Extracting by manifest.
332 silly tarball no local data for inherits@https://registry.npmjs.org/inherits/-/inherits-2.0.4.tgz. Extracting by manifest.
333 silly tarball no local data for isarray@https://registry.npmjs.org/isarray/-/isarray-0.0.1.tgz. Extracting by manifest.
334 silly tarball no local data for core-util-is@https://registry.npmjs.org/core-util-is/-/core-util-is-1.0.3.tgz. Extracting by manifest.
335 silly tarball no local data for sisteransi@https://registry.npmjs.org/sisteransi/-/sisteransi-1.0.5.tgz. Extracting by manifest.
336 silly tarball no local data for kleur@https://registry.npmjs.org/kleur/-/kleur-3.0.3.tgz. Extracting by manifest.
337 silly tarball no local data for readable-stream@https://registry.npmjs.org/readable-stream/-/readable-stream-1.1.14.tgz. Extracting by manifest.
338 silly tarball no local data for through2@https://registry.npmjs.org/through2/-/through2-0.6.5.tgz. Extracting by manifest.
339 silly tarball no local data for duplexer2@https://registry.npmjs.org/duplexer2/-/duplexer2-0.0.2.tgz. Extracting by manifest.
340 silly tarball no local data for buffer-from@https://registry.npmjs.org/buffer-from/-/buffer-from-0.1.2.tgz. Extracting by manifest.
341 silly tarball no local data for universalify@https://registry.npmjs.org/universalify/-/universalify-2.0.1.tgz. Extracting by manifest.
342 silly tarball no local data for jsonfile@https://registry.npmjs.org/jsonfile/-/jsonfile-6.2.1.tgz. Extracting by manifest.
343 silly tarball no local data for graceful-fs@https://registry.npmjs.org/graceful-fs/-/graceful-fs-4.2.11.tgz. Extracting by manifest.
344 silly tarball no local data for which@https://registry.npmjs.org/which/-/which-2.0.2.tgz. Extracting by manifest.
345 silly tarball no local data for shebang-command@https://registry.npmjs.org/shebang-command/-/shebang-command-2.0.0.tgz. Extracting by manifest.
346 silly tarball no local data for path-key@https://registry.npmjs.org/path-key/-/path-key-3.1.1.tgz. Extracting by manifest.
347 silly tarball no local data for color-name@https://registry.npmjs.org/color-name/-/color-name-1.1.4.tgz. Extracting by manifest.
348 silly tarball no local data for color-convert@https://registry.npmjs.org/color-convert/-/color-convert-2.0.1.tgz. Extracting by manifest.
349 silly tarball no local data for supports-color@https://registry.npmjs.org/supports-color/-/supports-color-7.2.0.tgz. Extracting by manifest.
350 silly tarball no local data for ansi-styles@https://registry.npmjs.org/ansi-styles/-/ansi-styles-4.3.0.tgz. Extracting by manifest.
351 silly tarball no local data for validate-npm-package-name@https://registry.npmjs.org/validate-npm-package-name/-/validate-npm-package-name-3.0.0.tgz. Extracting by manifest.
352 silly tarball no local data for tmp@https://registry.npmjs.org/tmp/-/tmp-0.2.7.tgz. Extracting by manifest.
353 silly tarball no local data for tar-pack@https://registry.npmjs.org/tar-pack/-/tar-pack-3.4.1.tgz. Extracting by manifest.
354 silly tarball no local data for semver@https://registry.npmjs.org/semver/-/semver-7.8.4.tgz. Extracting by manifest.
355 silly tarball no local data for hyperquest@https://registry.npmjs.org/hyperquest/-/hyperquest-2.1.3.tgz. Extracting by manifest.
356 silly tarball no local data for prompts@https://registry.npmjs.org/prompts/-/prompts-2.4.2.tgz. Extracting by manifest.
357 silly tarball no local data for fs-extra@https://registry.npmjs.org/fs-extra/-/fs-extra-10.1.0.tgz. Extracting by manifest.
358 silly tarball no local data for cross-spawn@https://registry.npmjs.org/cross-spawn/-/cross-spawn-7.0.6.tgz. Extracting by manifest.
359 silly tarball no local data for envinfo@https://registry.npmjs.org/envinfo/-/envinfo-7.21.0.tgz. Extracting by manifest.
360 silly tarball no local data for commander@https://registry.npmjs.org/commander/-/commander-4.1.1.tgz. Extracting by manifest.
361 silly tarball no local data for chalk@https://registry.npmjs.org/chalk/-/chalk-4.1.2.tgz. Extracting by manifest.
362 silly tarball no local data for create-react-app@https://registry.npmjs.org/create-react-app/-/create-react-app-5.1.0.tgz. Extracting by manifest.
363 silly tarball no local data for readable-stream@https://registry.npmjs.org/readable-stream/-/readable-stream-1.0.34.tgz. Extracting by manifest.
364 silly tarball no local data for string_decoder@https://registry.npmjs.org/string_decoder/-/string_decoder-1.1.1.tgz. Extracting by manifest.
365 silly tarball no local data for isarray@https://registry.npmjs.org/isarray/-/isarray-1.0.0.tgz. Extracting by manifest.
366 silly tarball no local data for readable-stream@https://registry.npmjs.org/readable-stream/-/readable-stream-2.3.8.tgz. Extracting by manifest.
367 http fetch GET 200 https://registry.npmjs.org/wrappy/-/wrappy-1.0.2.tgz 249ms (cache miss)
368 timing reifyNode:node_modules/wrappy Completed in 270ms
369 http fetch GET 200 https://registry.npmjs.org/builtins/-/builtins-1.0.3.tgz 253ms (cache miss)
370 timing reifyNode:node_modules/builtins Completed in 272ms
371 http fetch GET 200 https://registry.npmjs.org/path-is-absolute/-/path-is-absolute-1.0.1.tgz 261ms (cache miss)
372 timing reifyNode:node_modules/path-is-absolute Completed in 280ms
373 http fetch GET 200 https://registry.npmjs.org/util-deprecate/-/util-deprecate-1.0.2.tgz 263ms (cache miss)
374 timing reifyNode:node_modules/util-deprecate Completed in 282ms
375 http fetch GET 200 https://registry.npmjs.org/process-nextick-args/-/process-nextick-args-2.0.1.tgz 263ms (cache miss)
376 timing reifyNode:node_modules/process-nextick-args Completed in 282ms
377 http fetch GET 200 https://registry.npmjs.org/glob/-/glob-7.2.3.tgz 265ms (cache miss)
378 warn deprecated glob@7.2.3: Old versions of glob are not supported, and contain widely publicized security vulnerabilities, which have been fixed in the current version. Please update. Support for old versions may be purchased (at exorbitant rates) by contacting i@izs.me
379 timing reifyNode:node_modules/glob Completed in 286ms
380 http fetch GET 200 https://registry.npmjs.org/xtend/-/xtend-4.0.2.tgz 268ms (cache miss)
381 timing reifyNode:node_modules/xtend Completed in 288ms
382 http fetch GET 200 https://registry.npmjs.org/inflight/-/inflight-1.0.6.tgz 267ms (cache miss)
383 warn deprecated inflight@1.0.6: This module is not supported, and leaks memory. Do not use it. Check out lru-cache if you want a good and tested way to coalesce async requests by a key value, which is much more comprehensive and powerful.
384 timing reifyNode:node_modules/inflight Completed in 288ms
385 http fetch GET 200 https://registry.npmjs.org/ms/-/ms-2.0.0.tgz 265ms (cache miss)
386 timing reifyNode:node_modules/ms Completed in 289ms
387 http fetch GET 200 https://registry.npmjs.org/block-stream/-/block-stream-0.0.9.tgz 274ms (cache miss)
388 timing reifyNode:node_modules/block-stream Completed in 293ms
389 http fetch GET 200 https://registry.npmjs.org/safe-buffer/-/safe-buffer-5.1.2.tgz 276ms (cache miss)
390 timing reifyNode:node_modules/safe-buffer Completed in 294ms
391 http fetch GET 200 https://registry.npmjs.org/balanced-match/-/balanced-match-1.0.2.tgz 272ms (cache miss)
392 timing reifyNode:node_modules/balanced-match Completed in 294ms
393 http fetch GET 200 https://registry.npmjs.org/isexe/-/isexe-2.0.0.tgz 280ms (cache miss)
394 timing reifyNode:node_modules/isexe Completed in 299ms
395 http fetch GET 200 https://registry.npmjs.org/concat-map/-/concat-map-0.0.1.tgz 277ms (cache miss)
396 timing reifyNode:node_modules/concat-map Completed in 298ms
397 http fetch GET 200 https://registry.npmjs.org/brace-expansion/-/brace-expansion-1.1.15.tgz 276ms (cache miss)
398 timing reifyNode:node_modules/brace-expansion Completed in 298ms
399 http fetch GET 200 https://registry.npmjs.org/minimatch/-/minimatch-3.1.5.tgz 277ms (cache miss)
400 timing reifyNode:node_modules/minimatch Completed in 299ms
401 http fetch GET 200 https://registry.npmjs.org/uid-number/-/uid-number-0.0.6.tgz 276ms (cache miss)
402 warn deprecated uid-number@0.0.6: This package is no longer supported.
403 timing reifyNode:node_modules/uid-number Completed in 299ms
404 http fetch GET 200 https://registry.npmjs.org/rimraf/-/rimraf-2.7.1.tgz 275ms (cache miss)
405 warn deprecated rimraf@2.7.1: Rimraf versions prior to v4 are no longer supported
406 timing reifyNode:node_modules/rimraf Completed in 299ms
407 http fetch GET 200 https://registry.npmjs.org/once/-/once-1.4.0.tgz 276ms (cache miss)
408 timing reifyNode:node_modules/once Completed in 300ms
409 http fetch GET 200 https://registry.npmjs.org/shebang-command/-/shebang-command-2.0.0.tgz 272ms (cache miss)
410 timing reifyNode:node_modules/shebang-command Completed in 300ms
411 http fetch GET 200 https://registry.npmjs.org/fs.realpath/-/fs.realpath-1.0.0.tgz 286ms (cache miss)
412 timing reifyNode:node_modules/fs.realpath Completed in 306ms
413 http fetch GET 200 https://registry.npmjs.org/mkdirp/-/mkdirp-0.5.6.tgz 283ms (cache miss)
414 timing reifyNode:node_modules/mkdirp Completed in 306ms
415 http fetch GET 200 https://registry.npmjs.org/inherits/-/inherits-2.0.4.tgz 281ms (cache miss)
416 timing reifyNode:node_modules/inherits Completed in 307ms
417 http fetch GET 200 https://registry.npmjs.org/has-flag/-/has-flag-4.0.0.tgz 282ms (cache miss)
418 timing reifyNode:node_modules/has-flag Completed in 307ms
419 http fetch GET 200 https://registry.npmjs.org/core-util-is/-/core-util-is-1.0.3.tgz 285ms (cache miss)
420 timing reifyNode:node_modules/core-util-is Completed in 311ms
421 http fetch GET 200 https://registry.npmjs.org/universalify/-/universalify-2.0.1.tgz 283ms (cache miss)
422 timing reifyNode:node_modules/universalify Completed in 310ms
423 http fetch POST 200 https://registry.npmjs.org/-/npm/v1/security/advisories/bulk 315ms
424 timing auditReport:getReport Completed in 318ms
425 silly audit report {
425 silly audit report   tar: [
425 silly audit report     {
425 silly audit report       id: 1112659,
425 silly audit report       url: 'https://github.com/advisories/GHSA-34x7-hfp2-rc4v',
425 silly audit report       title: 'node-tar Vulnerable to Arbitrary File Creation/Overwrite via Hardlink Path Traversal',
425 silly audit report       severity: 'high',
425 silly audit report       vulnerable_versions: '<7.5.7',
425 silly audit report       cwe: [Array],
425 silly audit report       cvss: [Object]
425 silly audit report     },
425 silly audit report     {
425 silly audit report       id: 1113300,
425 silly audit report       url: 'https://github.com/advisories/GHSA-8qq5-rm4j-mr97',
425 silly audit report       title: 'node-tar is Vulnerable to Arbitrary File Overwrite and Symlink Poisoning via Insufficient Path Sanitization',
425 silly audit report       severity: 'high',
425 silly audit report       vulnerable_versions: '<=7.5.2',
425 silly audit report       cwe: [Array],
425 silly audit report       cvss: [Object]
425 silly audit report     },
425 silly audit report     {
425 silly audit report       id: 1113375,
425 silly audit report       url: 'https://github.com/advisories/GHSA-83g3-92jg-28cx',
425 silly audit report       title: 'Arbitrary File Read/Write via Hardlink Target Escape Through Symlink Chain in node-tar Extraction',
425 silly audit report       severity: 'high',
425 silly audit report       vulnerable_versions: '<7.5.8',
425 silly audit report       cwe: [Array],
425 silly audit report       cvss: [Object]
425 silly audit report     },
425 silly audit report     {
425 silly audit report       id: 1114200,
425 silly audit report       url: 'https://github.com/advisories/GHSA-qffp-2rhf-9h96',
425 silly audit report       title: 'tar has Hardlink Path Traversal via Drive-Relative Linkpath',
425 silly audit report       severity: 'high',
425 silly audit report       vulnerable_versions: '<=7.5.9',
425 silly audit report       cwe: [Array],
425 silly audit report       cvss: [Object]
425 silly audit report     },
425 silly audit report     {
425 silly audit report       id: 1114302,
425 silly audit report       url: 'https://github.com/advisories/GHSA-9ppj-qmqm-q256',
425 silly audit report       title: 'node-tar Symlink Path Traversal via Drive-Relative Linkpath',
425 silly audit report       severity: 'high',
425 silly audit report       vulnerable_versions: '<=7.5.10',
425 silly audit report       cwe: [Array],
425 silly audit report       cvss: [Object]
425 silly audit report     },
425 silly audit report     {
425 silly audit report       id: 1120782,
425 silly audit report       url: 'https://github.com/advisories/GHSA-vmf3-w455-68vh',
425 silly audit report       title: 'node-tar applies PAX size override to intermediary GNU long-name/long-link headers, causing tar parser interpretation differential (file smuggling)',
425 silly audit report       severity: 'moderate',
425 silly audit report       vulnerable_versions: '<=7.5.15',
425 silly audit report       cwe: [Array],
425 silly audit report       cvss: [Object]
425 silly audit report     },
425 silly audit report     {
425 silly audit report       id: 1114680,
425 silly audit report       url: 'https://github.com/advisories/GHSA-r6q2-hw4h-h46w',
425 silly audit report       title: 'Race Condition in node-tar Path Reservations via Unicode Ligature Collisions on macOS APFS',
425 silly audit report       severity: 'high',
425 silly audit report       vulnerable_versions: '<=7.5.3',
425 silly audit report       cwe: [Array],
425 silly audit report       cvss: [Object]
425 silly audit report     },
425 silly audit report     {
425 silly audit report       id: 1089685,
425 silly audit report       url: 'https://github.com/advisories/GHSA-3jfq-g458-7qm9',
425 silly audit report       title: 'Arbitrary File Creation/Overwrite due to insufficient absolute path sanitization',
425 silly audit report       severity: 'high',
425 silly audit report       vulnerable_versions: '<3.2.2',
425 silly audit report       cwe: [Array],
425 silly audit report       cvss: [Object]
425 silly audit report     },
425 silly audit report     {
425 silly audit report       id: 1095117,
425 silly audit report       url: 'https://github.com/advisories/GHSA-5955-9wpr-37jh',
425 silly audit report       title: 'Arbitrary File Creation/Overwrite on Windows via insufficient relative path sanitization',
425 silly audit report       severity: 'high',
425 silly audit report       vulnerable_versions: '<4.4.18',
425 silly audit report       cwe: [Array],
425 silly audit report       cvss: [Object]
425 silly audit report     },
425 silly audit report     {
425 silly audit report       id: 1097493,
425 silly audit report       url: 'https://github.com/advisories/GHSA-f5x3-32g6-xq36',
425 silly audit report       title: 'Denial of service while parsing a tar file due to lack of folders count validation',
425 silly audit report       severity: 'moderate',
425 silly audit report       vulnerable_versions: '<6.2.1',
425 silly audit report       cwe: [Array],
425 silly audit report       cvss: [Object]
425 silly audit report     }
425 silly audit report   ]
425 silly audit report }
426 timing metavuln:packument:tar Completed in 1ms
427 http fetch GET 200 https://registry.npmjs.org/shebang-regex/-/shebang-regex-3.0.0.tgz 294ms (cache miss)
428 timing reifyNode:node_modules/shebang-regex Completed in 319ms
429 http fetch GET 200 https://registry.npmjs.org/sisteransi/-/sisteransi-1.0.5.tgz 293ms (cache miss)
430 timing reifyNode:node_modules/sisteransi Completed in 318ms
431 http fetch GET 200 https://registry.npmjs.org/jsonfile/-/jsonfile-6.2.1.tgz 292ms (cache miss)
432 timing reifyNode:node_modules/jsonfile Completed in 319ms
433 http fetch GET 200 https://registry.npmjs.org/color-name/-/color-name-1.1.4.tgz 291ms (cache miss)
434 timing reifyNode:node_modules/color-name Completed in 319ms
435 timing metavuln:cache:get:security-advisory:tar:qPQeYPFDBIedTWfYK3sbnScF6Ha7ouTs+wgndnz4PT5P+/K+GBD4epoPcYpXlu6AC7gSJlCJTJeuKbYAFoK9PA== Completed in 7ms
436 timing metavuln:load:security-advisory:tar:1112659 Completed in 4ms
437 timing metavuln:cache:get:security-advisory:tar:cbwMpzkxWE086TmEbj2aUk80Z6hlvP0jzlWS+XiX15JwqEtFzUgHyHj3QX4I6EZYk8tgcYPuNr3hYFVCQY6e3Q== Completed in 11ms
438 timing metavuln:load:security-advisory:tar:1113300 Completed in 3ms
439 timing metavuln:cache:get:security-advisory:tar:Bbf0Br7FJ1lJBIJDoLLFwjsDrbaYgLVqfrwr0ATzSQWEKW7Xp073S+5zxU9imRf4OqRJHo2MsCDeyKR0KRVsdA== Completed in 14ms
440 timing metavuln:load:security-advisory:tar:1113375 Completed in 4ms
441 timing metavuln:cache:get:security-advisory:tar:eeMx7uxRjV2T2ub1XcSZGVUMDQllh5SgBOjApRXoDwccZb2xPyoJEKCNDkl/ZQGHcurw9K/Nf+wQF6u7SWH6CQ== Completed in 18ms
442 timing metavuln:load:security-advisory:tar:1114200 Completed in 3ms
443 timing metavuln:cache:get:security-advisory:tar:UWW3Y4BpqE/fE3Qp2/QBaix5a7TZZoP7gM6asxPYL9ED9MweoK3ryao+Bp0Y6Y8Xds/rmjAafpG21YRYkP3N4g== Completed in 22ms
444 timing metavuln:load:security-advisory:tar:1114302 Completed in 3ms
445 timing metavuln:cache:get:security-advisory:tar:W1TcF4N8X2Krsm+r3h0ddGUXMEZZiAaynzYZTQxJc/5bpRkiYZlmagV6PyPqJsq/qtKMzvdrdTLDuOgdPU5XNA== Completed in 26ms
446 timing metavuln:load:security-advisory:tar:1120782 Completed in 3ms
447 timing metavuln:cache:get:security-advisory:tar:vbDW3SJe6e2hhLv65iuyXehzCzEAirdu2MloZluu8ApJ5S0mpjZNCz+7tMRaz8WDOzMKfYQKi/M/IfcFNOa3Cw== Completed in 29ms
448 timing metavuln:load:security-advisory:tar:1114680 Completed in 2ms
449 timing metavuln:cache:get:security-advisory:tar:Oa066nJpV2ox85F6qnk1N5eWmAmoWAMU7byYhWk4oYfHYrQ8aGHfCKRikfcy0dHDcKWKiPRc7Nz7R9fxKkj0Yw== Completed in 32ms
450 timing metavuln:load:security-advisory:tar:1089685 Completed in 8ms
451 timing metavuln:cache:get:security-advisory:tar:2lGtz15Gs28nRX11iCY/mSa25Ky4CfNVzD5qptDvtqdkLXPb/znmxdJ/4OrOyJZ2qQgFtnfxP9ee2xfimUMfuw== Completed in 41ms
452 timing metavuln:load:security-advisory:tar:1095117 Completed in 2ms
453 timing metavuln:cache:get:security-advisory:tar:xsfciMtNhQn+Vb692L8h5HEYBYUJ5Lhjy3bF//LOsKSn8tp0f1hbuDX26k9UtKJNPZjM5uuq2Cxlz3KwL19oJg== Completed in 43ms
454 timing metavuln:load:security-advisory:tar:1097493 Completed in 2ms
455 http fetch GET 200 https://registry.npmjs.org/isarray/-/isarray-0.0.1.tgz 337ms (cache miss)
456 timing reifyNode:node_modules/isarray Completed in 363ms
457 http fetch GET 200 https://registry.npmjs.org/string_decoder/-/string_decoder-0.10.31.tgz 339ms (cache miss)
458 timing reifyNode:node_modules/string_decoder Completed in 364ms
459 http fetch GET 200 https://registry.npmjs.org/duplexer2/-/duplexer2-0.0.2.tgz 338ms (cache miss)
460 timing reifyNode:node_modules/duplexer2 Completed in 364ms
461 http fetch GET 200 https://registry.npmjs.org/tmp/-/tmp-0.2.7.tgz 335ms (cache miss)
462 timing reifyNode:node_modules/tmp Completed in 365ms
463 http fetch GET 200 https://registry.npmjs.org/kleur/-/kleur-3.0.3.tgz 344ms (cache miss)
464 timing reifyNode:node_modules/kleur Completed in 370ms
465 http fetch GET 200 https://registry.npmjs.org/which/-/which-2.0.2.tgz 342ms (cache miss)
466 timing reifyNode:node_modules/which Completed in 370ms
467 http fetch GET 200 https://registry.npmjs.org/buffer-from/-/buffer-from-0.1.2.tgz 343ms (cache miss)
468 timing reifyNode:node_modules/buffer-from Completed in 370ms
469 http fetch GET 200 https://registry.npmjs.org/supports-color/-/supports-color-7.2.0.tgz 342ms (cache miss)
470 timing reifyNode:node_modules/supports-color Completed in 371ms
471 http fetch GET 200 https://registry.npmjs.org/ansi-styles/-/ansi-styles-4.3.0.tgz 342ms (cache miss)
472 timing reifyNode:node_modules/ansi-styles Completed in 371ms
473 http fetch GET 200 https://registry.npmjs.org/fstream-ignore/-/fstream-ignore-1.0.5.tgz 352ms (cache miss)
474 warn deprecated fstream-ignore@1.0.5: This package is no longer supported.
475 timing reifyNode:node_modules/fstream-ignore Completed in 376ms
476 http fetch GET 200 https://registry.npmjs.org/path-key/-/path-key-3.1.1.tgz 349ms (cache miss)
477 timing reifyNode:node_modules/path-key Completed in 377ms
478 http fetch GET 200 https://registry.npmjs.org/validate-npm-package-name/-/validate-npm-package-name-3.0.0.tgz 348ms (cache miss)
479 http fetch GET 200 https://registry.npmjs.org/cross-spawn/-/cross-spawn-7.0.6.tgz 347ms (cache miss)
480 http fetch GET 200 https://registry.npmjs.org/through2/-/through2-0.6.5.tgz 355ms (cache miss)
481 timing reifyNode:node_modules/through2 Completed in 381ms
482 timing reifyNode:node_modules/cross-spawn Completed in 383ms
483 timing reifyNode:node_modules/validate-npm-package-name Completed in 386ms
484 http fetch GET 200 https://registry.npmjs.org/isarray/-/isarray-1.0.0.tgz 354ms (cache miss)
485 timing reifyNode:node_modules/tar-pack/node_modules/isarray Completed in 387ms
486 http fetch GET 200 https://registry.npmjs.org/graceful-fs/-/graceful-fs-4.2.11.tgz 361ms (cache miss)
487 timing reifyNode:node_modules/graceful-fs Completed in 388ms
488 http fetch GET 200 https://registry.npmjs.org/chalk/-/chalk-4.1.2.tgz 357ms (cache miss)
489 timing reifyNode:node_modules/chalk Completed in 388ms
490 http fetch GET 200 https://registry.npmjs.org/string_decoder/-/string_decoder-1.1.1.tgz 357ms (cache miss)
491 timing reifyNode:node_modules/tar-pack/node_modules/string_decoder Completed in 390ms
492 http fetch GET 200 https://registry.npmjs.org/create-react-app/-/create-react-app-5.1.0.tgz 359ms (cache miss)
493 timing reifyNode:node_modules/create-react-app Completed in 390ms
494 http fetch GET 200 https://registry.npmjs.org/readable-stream/-/readable-stream-1.1.14.tgz 370ms (cache miss)
495 http fetch GET 200 https://registry.npmjs.org/color-convert/-/color-convert-2.0.1.tgz 367ms (cache miss)
496 timing reifyNode:node_modules/color-convert Completed in 397ms
497 http fetch GET 200 https://registry.npmjs.org/debug/-/debug-2.6.9.tgz 376ms (cache miss)
498 http fetch GET 200 https://registry.npmjs.org/hyperquest/-/hyperquest-2.1.3.tgz 369ms (cache miss)
499 timing reifyNode:node_modules/readable-stream Completed in 401ms
500 http fetch GET 200 https://registry.npmjs.org/readable-stream/-/readable-stream-1.0.34.tgz 369ms (cache miss)
501 timing metavuln:cache:put:security-advisory:tar:eeMx7uxRjV2T2ub1XcSZGVUMDQllh5SgBOjApRXoDwccZb2xPyoJEKCNDkl/ZQGHcurw9K/Nf+wQF6u7SWH6CQ== Completed in 65ms
502 timing metavuln:calculate:security-advisory:tar:1114200 Completed in 86ms
503 timing metavuln:cache:put:security-advisory:tar:cbwMpzkxWE086TmEbj2aUk80Z6hlvP0jzlWS+XiX15JwqEtFzUgHyHj3QX4I6EZYk8tgcYPuNr3hYFVCQY6e3Q== Completed in 72ms
504 timing metavuln:calculate:security-advisory:tar:1113300 Completed in 86ms
505 timing metavuln:cache:put:security-advisory:tar:UWW3Y4BpqE/fE3Qp2/QBaix5a7TZZoP7gM6asxPYL9ED9MweoK3ryao+Bp0Y6Y8Xds/rmjAafpG21YRYkP3N4g== Completed in 61ms
506 timing metavuln:calculate:security-advisory:tar:1114302 Completed in 86ms
507 timing reifyNode:node_modules/debug Completed in 403ms
508 http fetch GET 200 https://registry.npmjs.org/commander/-/commander-4.1.1.tgz 371ms (cache miss)
509 timing reifyNode:node_modules/commander Completed in 403ms
510 http fetch GET 200 https://registry.npmjs.org/minimist/-/minimist-1.2.8.tgz 384ms (cache miss)
511 timing reifyNode:node_modules/hyperquest Completed in 404ms
512 timing reifyNode:node_modules/through2/node_modules/readable-stream Completed in 406ms
513 timing metavuln:cache:put:security-advisory:tar:Bbf0Br7FJ1lJBIJDoLLFwjsDrbaYgLVqfrwr0ATzSQWEKW7Xp073S+5zxU9imRf4OqRJHo2MsCDeyKR0KRVsdA== Completed in 72ms
514 timing metavuln:calculate:security-advisory:tar:1113375 Completed in 90ms
515 timing metavuln:cache:put:security-advisory:tar:2lGtz15Gs28nRX11iCY/mSa25Ky4CfNVzD5qptDvtqdkLXPb/znmxdJ/4OrOyJZ2qQgFtnfxP9ee2xfimUMfuw== Completed in 47ms
516 timing metavuln:calculate:security-advisory:tar:1095117 Completed in 90ms
517 timing metavuln:cache:put:security-advisory:tar:xsfciMtNhQn+Vb692L8h5HEYBYUJ5Lhjy3bF//LOsKSn8tp0f1hbuDX26k9UtKJNPZjM5uuq2Cxlz3KwL19oJg== Completed in 45ms
518 timing metavuln:calculate:security-advisory:tar:1097493 Completed in 90ms
519 timing metavuln:cache:put:security-advisory:tar:W1TcF4N8X2Krsm+r3h0ddGUXMEZZiAaynzYZTQxJc/5bpRkiYZlmagV6PyPqJsq/qtKMzvdrdTLDuOgdPU5XNA== Completed in 61ms
520 timing metavuln:calculate:security-advisory:tar:1120782 Completed in 90ms
521 timing metavuln:cache:put:security-advisory:tar:qPQeYPFDBIedTWfYK3sbnScF6Ha7ouTs+wgndnz4PT5P+/K+GBD4epoPcYpXlu6AC7gSJlCJTJeuKbYAFoK9PA== Completed in 80ms
522 timing metavuln:calculate:security-advisory:tar:1112659 Completed in 91ms
523 http fetch GET 200 https://registry.npmjs.org/tar-pack/-/tar-pack-3.4.1.tgz 377ms (cache miss)
524 timing metavuln:cache:put:security-advisory:tar:vbDW3SJe6e2hhLv65iuyXehzCzEAirdu2MloZluu8ApJ5S0mpjZNCz+7tMRaz8WDOzMKfYQKi/M/IfcFNOa3Cw== Completed in 60ms
525 timing metavuln:calculate:security-advisory:tar:1114680 Completed in 92ms
526 timing reifyNode:node_modules/minimist Completed in 410ms
527 timing metavuln:cache:put:security-advisory:tar:Oa066nJpV2ox85F6qnk1N5eWmAmoWAMU7byYhWk4oYfHYrQ8aGHfCKRikfcy0dHDcKWKiPRc7Nz7R9fxKkj0Yw== Completed in 53ms
528 timing metavuln:calculate:security-advisory:tar:1089685 Completed in 93ms
529 timing metavuln:packument:tar-pack Completed in 1ms
530 timing metavuln:cache:get:security-advisory:tar-pack:SqXFcgkZ33vmLG7HsoWaOXDHEz7+w7IcTRXUn4qjvPMAH76YQdQHnvrr9Qd/pG+IfYq//32rUg2+m7LeBUCT1Q== Completed in 1ms
531 timing metavuln:load:security-advisory:tar-pack:qPQeYPFDBIedTWfYK3sbnScF6Ha7ouTs+wgndnz4PT5P+/K+GBD4epoPcYpXlu6AC7gSJlCJTJeuKbYAFoK9PA== Completed in 3ms
532 timing reifyNode:node_modules/tar-pack Completed in 414ms
533 http fetch GET 200 https://registry.npmjs.org/envinfo/-/envinfo-7.21.0.tgz 392ms (cache miss)
534 timing reifyNode:node_modules/envinfo Completed in 424ms
535 timing metavuln:cache:put:security-advisory:tar-pack:SqXFcgkZ33vmLG7HsoWaOXDHEz7+w7IcTRXUn4qjvPMAH76YQdQHnvrr9Qd/pG+IfYq//32rUg2+m7LeBUCT1Q== Completed in 14ms
536 timing metavuln:calculate:security-advisory:tar-pack:qPQeYPFDBIedTWfYK3sbnScF6Ha7ouTs+wgndnz4PT5P+/K+GBD4epoPcYpXlu6AC7gSJlCJTJeuKbYAFoK9PA== Completed in 18ms
537 timing metavuln:packument:create-react-app Completed in 0ms
538 timing metavuln:cache:get:security-advisory:create-react-app:x/k6VfRjJ/xoPLf4r+YUvzGV3XxB11NIMCnL/OiwPXeA6W9XlqgPJKg5FnD1jGtAlqgP+ORMgiZj7O0wo/FjbQ== Completed in 1ms
539 timing metavuln:load:security-advisory:create-react-app:SqXFcgkZ33vmLG7HsoWaOXDHEz7+w7IcTRXUn4qjvPMAH76YQdQHnvrr9Qd/pG+IfYq//32rUg2+m7LeBUCT1Q== Completed in 3ms
540 http fetch GET 200 https://registry.npmjs.org/fstream/-/fstream-1.0.12.tgz 409ms (cache miss)
541 warn deprecated fstream@1.0.12: This package is no longer supported.
542 timing reifyNode:node_modules/fstream Completed in 435ms
543 http fetch GET 200 https://registry.npmjs.org/readable-stream/-/readable-stream-2.3.8.tgz 402ms (cache miss)
544 timing reifyNode:node_modules/tar-pack/node_modules/readable-stream Completed in 436ms
545 timing metavuln:cache:put:security-advisory:create-react-app:x/k6VfRjJ/xoPLf4r+YUvzGV3XxB11NIMCnL/OiwPXeA6W9XlqgPJKg5FnD1jGtAlqgP+ORMgiZj7O0wo/FjbQ== Completed in 9ms
546 timing metavuln:calculate:security-advisory:create-react-app:SqXFcgkZ33vmLG7HsoWaOXDHEz7+w7IcTRXUn4qjvPMAH76YQdQHnvrr9Qd/pG+IfYq//32rUg2+m7LeBUCT1Q== Completed in 13ms
547 timing auditReport:init Completed in 140ms
548 timing reify:audit Completed in 459ms
549 http fetch GET 200 https://registry.npmjs.org/fs-extra/-/fs-extra-10.1.0.tgz 428ms (cache miss)
550 timing reifyNode:node_modules/fs-extra Completed in 459ms
551 http fetch GET 200 https://registry.npmjs.org/semver/-/semver-7.8.4.tgz 441ms (cache miss)
552 timing reifyNode:node_modules/semver Completed in 471ms
553 http fetch GET 200 https://registry.npmjs.org/prompts/-/prompts-2.4.2.tgz 445ms (cache miss)
554 timing reifyNode:node_modules/prompts Completed in 477ms
555 http fetch GET 200 https://registry.npmjs.org/tar/-/tar-2.2.2.tgz 469ms (cache miss)
556 warn deprecated tar@2.2.2: Old versions of tar are not supported, and contain widely publicized security vulnerabilities, which have been fixed in the current version. Please update. Support for old versions may be purchased (at exorbitant rates) by contacting i@izs.me
557 timing reifyNode:node_modules/tar Completed in 492ms
558 timing reify:unpack Completed in 493ms
559 timing reify:unretire Completed in 0ms
560 timing build:queue Completed in 2ms
561 timing build:link:node_modules/create-react-app Completed in 3ms
562 timing build:link:node_modules/envinfo Completed in 2ms
563 timing build:link:node_modules/mkdirp Completed in 2ms
564 timing build:link:node_modules/semver Completed in 2ms
565 timing build:link:node_modules/which Completed in 2ms
566 timing build:link:node_modules/rimraf Completed in 2ms
567 timing build:link Completed in 3ms
568 timing build:deps Completed in 5ms
569 timing build Completed in 5ms
570 timing reify:build Completed in 6ms
571 timing reify:trash Completed in 0ms
572 timing reify:save Completed in 18ms
573 timing reify Completed in 1576ms
574 timing command:exec Completed in 43341ms
575 verbose exit 0
576 timing npm Completed in 43387ms
577 info ok
