0 verbose cli /usr/bin/node /usr/bin/npm
1 info using npm@9.2.0
2 info using node@v22.22.1
3 timing npm:load:whichnode Completed in 0ms
4 timing config:load:defaults Completed in 1ms
5 timing config:load:file:/usr/share/nodejs/npm/npmrc Completed in 13ms
6 timing config:load:builtin Completed in 14ms
7 timing config:load:cli Completed in 1ms
8 timing config:load:env Completed in 0ms
9 timing config:load:file:/home/ubuntu/Newproject/frontend/.npmrc Completed in 0ms
10 timing config:load:project Completed in 1ms
11 timing config:load:file:/home/ubuntu/.npmrc Completed in 1ms
12 timing config:load:user Completed in 1ms
13 timing config:load:file:/etc/npmrc Completed in 0ms
14 timing config:load:global Completed in 0ms
15 timing config:load:setEnvs Completed in 1ms
16 timing config:load Completed in 20ms
17 timing npm:load:configload Completed in 20ms
18 timing npm:load:mkdirpcache Completed in 0ms
19 timing npm:load:mkdirplogs Completed in 0ms
20 verbose title npm config list
21 verbose argv "config" "list"
22 timing npm:load:setTitle Completed in 1ms
23 timing config:load:flatten Completed in 1ms
24 timing npm:load:display Completed in 2ms
25 verbose logfile logs-max:10 dir:/home/ubuntu/.npm/_logs/2026-06-19T10_09_35_002Z-
26 verbose logfile /home/ubuntu/.npm/_logs/2026-06-19T10_09_35_002Z-debug-0.log
27 timing npm:load:logFile Completed in 6ms
28 timing npm:load:timers Completed in 0ms
29 timing npm:load:configScope Completed in 0ms
30 timing npm:load Completed in 29ms
31 timing config:load:flatten Completed in 0ms
32 silly logfile done cleaning log files
33 timing command:config Completed in 5ms
34 verbose exit 0
35 timing npm Completed in 43ms
36 info ok
